[2023-12-25 20:59:03,699] {taskinstance.py:1159} INFO - Dependencies all met for <TaskInstance: titanic_pivot.download_titanic_dataset manual__2023-12-25T20:59:00.360877+00:00 [queued]>
[2023-12-25 20:59:03,706] {taskinstance.py:1159} INFO - Dependencies all met for <TaskInstance: titanic_pivot.download_titanic_dataset manual__2023-12-25T20:59:00.360877+00:00 [queued]>
[2023-12-25 20:59:03,706] {taskinstance.py:1356} INFO - 
--------------------------------------------------------------------------------
[2023-12-25 20:59:03,706] {taskinstance.py:1357} INFO - Starting attempt 1 of 2
[2023-12-25 20:59:03,706] {taskinstance.py:1358} INFO - 
--------------------------------------------------------------------------------
[2023-12-25 20:59:03,715] {taskinstance.py:1377} INFO - Executing <Task(PythonOperator): download_titanic_dataset> on 2023-12-25 20:59:00.360877+00:00
[2023-12-25 20:59:03,718] {standard_task_runner.py:52} INFO - Started process 39918 to run task
[2023-12-25 20:59:03,721] {standard_task_runner.py:79} INFO - Running: ['airflow', 'tasks', 'run', 'titanic_pivot', 'download_titanic_dataset', 'manual__2023-12-25T20:59:00.360877+00:00', '--job-id', '19', '--raw', '--subdir', 'DAGS_FOLDER/titanic_dag.py', '--cfg-path', '/tmp/tmpt56z9jbf', '--error-file', '/tmp/tmp7roxs1bc']
[2023-12-25 20:59:03,722] {standard_task_runner.py:80} INFO - Job 19: Subtask download_titanic_dataset
[2023-12-25 20:59:03,776] {task_command.py:369} INFO - Running <TaskInstance: titanic_pivot.download_titanic_dataset manual__2023-12-25T20:59:00.360877+00:00 [running]> on host c975c50309df
[2023-12-25 20:59:03,835] {taskinstance.py:1569} INFO - Exporting the following env vars:
AIRFLOW_CTX_DAG_OWNER=airflow
AIRFLOW_CTX_DAG_ID=titanic_pivot
AIRFLOW_CTX_TASK_ID=download_titanic_dataset
AIRFLOW_CTX_EXECUTION_DATE=2023-12-25T20:59:00.360877+00:00
AIRFLOW_CTX_TRY_NUMBER=1
AIRFLOW_CTX_DAG_RUN_ID=manual__2023-12-25T20:59:00.360877+00:00
[2023-12-25 20:59:06,566] {python.py:173} INFO - Done. Returned value was: None
[2023-12-25 20:59:06,578] {taskinstance.py:1395} INFO - Marking task as SUCCESS. dag_id=titanic_pivot, task_id=download_titanic_dataset, execution_date=20231225T205900, start_date=20231225T205903, end_date=20231225T205906
[2023-12-25 20:59:06,597] {local_task_job.py:156} INFO - Task exited with return code 0
[2023-12-25 20:59:06,630] {local_task_job.py:273} INFO - 1 downstream tasks scheduled from follow-on schedule check
