[2023-12-25 20:52:18,618] {taskinstance.py:1159} INFO - Dependencies all met for <TaskInstance: titanic_pivot.download_titanic_dataset manual__2023-12-25T20:52:15.537634+00:00 [queued]>
[2023-12-25 20:52:18,625] {taskinstance.py:1159} INFO - Dependencies all met for <TaskInstance: titanic_pivot.download_titanic_dataset manual__2023-12-25T20:52:15.537634+00:00 [queued]>
[2023-12-25 20:52:18,625] {taskinstance.py:1356} INFO - 
--------------------------------------------------------------------------------
[2023-12-25 20:52:18,625] {taskinstance.py:1357} INFO - Starting attempt 1 of 2
[2023-12-25 20:52:18,625] {taskinstance.py:1358} INFO - 
--------------------------------------------------------------------------------
[2023-12-25 20:52:18,633] {taskinstance.py:1377} INFO - Executing <Task(PythonOperator): download_titanic_dataset> on 2023-12-25 20:52:15.537634+00:00
[2023-12-25 20:52:18,637] {standard_task_runner.py:52} INFO - Started process 39737 to run task
[2023-12-25 20:52:18,640] {standard_task_runner.py:79} INFO - Running: ['airflow', 'tasks', 'run', 'titanic_pivot', 'download_titanic_dataset', 'manual__2023-12-25T20:52:15.537634+00:00', '--job-id', '15', '--raw', '--subdir', 'DAGS_FOLDER/titanic_dag.py', '--cfg-path', '/tmp/tmpvidjghpo', '--error-file', '/tmp/tmplghk1udy']
[2023-12-25 20:52:18,640] {standard_task_runner.py:80} INFO - Job 15: Subtask download_titanic_dataset
[2023-12-25 20:52:18,693] {task_command.py:369} INFO - Running <TaskInstance: titanic_pivot.download_titanic_dataset manual__2023-12-25T20:52:15.537634+00:00 [running]> on host c975c50309df
[2023-12-25 20:52:18,754] {taskinstance.py:1569} INFO - Exporting the following env vars:
AIRFLOW_CTX_DAG_OWNER=airflow
AIRFLOW_CTX_DAG_ID=titanic_pivot
AIRFLOW_CTX_TASK_ID=download_titanic_dataset
AIRFLOW_CTX_EXECUTION_DATE=2023-12-25T20:52:15.537634+00:00
AIRFLOW_CTX_TRY_NUMBER=1
AIRFLOW_CTX_DAG_RUN_ID=manual__2023-12-25T20:52:15.537634+00:00
[2023-12-25 20:52:20,771] {python.py:173} INFO - Done. Returned value was: None
[2023-12-25 20:52:20,784] {taskinstance.py:1395} INFO - Marking task as SUCCESS. dag_id=titanic_pivot, task_id=download_titanic_dataset, execution_date=20231225T205215, start_date=20231225T205218, end_date=20231225T205220
[2023-12-25 20:52:20,833] {local_task_job.py:156} INFO - Task exited with return code 0
[2023-12-25 20:52:20,872] {local_task_job.py:273} INFO - 1 downstream tasks scheduled from follow-on schedule check
